#
# There is insufficient memory for the Java Runtime Environment to continue.
# Native memory allocation (mmap) failed to map 40894464 bytes. Error detail: G1 virtual space
# Possible reasons:
#   The system is out of physical RAM or swap space
#   This process is running with CompressedOops enabled, and the Java Heap may be blocking the growth of the native heap
# Possible solutions:
#   Reduce memory load on the system
#   Increase physical memory or swap space
#   Check if swap backing store is full
#   Decrease Java heap size (-Xmx/-Xms)
#   Decrease number of Java threads
#   Decrease Java thread stack sizes (-Xss)
#   Set larger code cache with -XX:ReservedCodeCacheSize=
#   JVM is running with Unscaled Compressed Oops mode in which the Java heap is
#     placed in the first 4GB address space. The Java Heap base address is the
#     maximum limit for the native heap growth. Please use -XX:HeapBaseMinAddress
#     to set the Java Heap base and to place the Java Heap above 4GB virtual address.
# This output file may be truncated or incomplete.
#
#  Out of Memory Error (os_windows.cpp:3828), pid=10736, tid=7308
#
# JRE version: OpenJDK Runtime Environment (21.0.4) (build 21.0.4+-12508038-b607.1)
# Java VM: OpenJDK 64-Bit Server VM (21.0.4+-12508038-b607.1, mixed mode, tiered, compressed oops, compressed class ptrs, g1 gc, windows-amd64)
# No core dump will be written. Minidumps are not enabled by default on client versions of Windows
#

---------------  S U M M A R Y ------------

Command Line: org.jetbrains.kotlin.cli.jvm.K2JVMCompiler @C:\Users\Administrator\AndroidStudioProjects\DopamineMenu\app\build\20250813_2066291911971038599.compiler.options

Host: Intel(R) Core(TM) i5-6300U CPU @ 2.40GHz, 4 cores, 7G,  Windows 10 , 64 bit Build 19041 (10.0.19041.5915)
Time: Wed Aug 13 19:04:02 2025 Pakistan Standard Time elapsed time: 8.831437 seconds (0d 0h 0m 8s)

---------------  T H R E A D  ---------------

Current thread (0x000002297a267f90):  VMThread "VM Thread"          [id=7308, stack(0x000000e3d3400000,0x000000e3d3500000) (1024K)]

Stack: [0x000000e3d3400000,0x000000e3d3500000]
Native frames: (J=compiled Java code, j=interpreted, Vv=VM code, C=native code)
V  [jvm.dll+0x6ce539]
V  [jvm.dll+0x85bf03]
V  [jvm.dll+0x85e45e]
V  [jvm.dll+0x85eb43]
V  [jvm.dll+0x27dd06]
V  [jvm.dll+0x6cada5]
V  [jvm.dll+0x6bf27a]
V  [jvm.dll+0x3541fb]
V  [jvm.dll+0x35be36]
V  [jvm.dll+0x3adbc6]
V  [jvm.dll+0x3ade98]
V  [jvm.dll+0x32691c]
V  [jvm.dll+0x3269a7]
V  [jvm.dll+0x36c78c]
V  [jvm.dll+0x36af3e]
V  [jvm.dll+0x326071]
V  [jvm.dll+0x36a650]
V  [jvm.dll+0x8648c8]
V  [jvm.dll+0x865c44]
V  [jvm.dll+0x866180]
V  [jvm.dll+0x866413]
V  [jvm.dll+0x804418]
V  [jvm.dll+0x6cce0d]
C  [ucrtbase.dll+0x21bb2]
C  [KERNEL32.DLL+0x17374]
C  [ntdll.dll+0x4cc91]

VM_Operation (0x000000e3d2cfb9c0): G1CollectForAllocation, mode: safepoint, requested by thread 0x00000229705637f0


---------------  P R O C E S S  ---------------

Threads class SMR info:
_java_thread_list=0x000002297a504700, length=11, elements={
0x00000229705637f0, 0x000002297a434a80, 0x000002297a435ca0, 0x000002297a436860,
0x000002297a414470, 0x000002297a414ed0, 0x000002297a415930, 0x000002297a4166c0,
0x000002297a41ebd0, 0x000002297a529590, 0x000002297a531bf0
}

Java Threads: ( => current thread )
  0x00000229705637f0 JavaThread "main"                              [_thread_blocked, id=15272, stack(0x000000e3d2c00000,0x000000e3d2d00000) (1024K)]
  0x000002297a434a80 JavaThread "Reference Handler"          daemon [_thread_blocked, id=11568, stack(0x000000e3d3500000,0x000000e3d3600000) (1024K)]
  0x000002297a435ca0 JavaThread "Finalizer"                  daemon [_thread_blocked, id=10008, stack(0x000000e3d3600000,0x000000e3d3700000) (1024K)]
  0x000002297a436860 JavaThread "Signal Dispatcher"          daemon [_thread_blocked, id=17660, stack(0x000000e3d3700000,0x000000e3d3800000) (1024K)]
  0x000002297a414470 JavaThread "Attach Listener"            daemon [_thread_blocked, id=5316, stack(0x000000e3d3800000,0x000000e3d3900000) (1024K)]
  0x000002297a414ed0 JavaThread "Service Thread"             daemon [_thread_blocked, id=13652, stack(0x000000e3d3900000,0x000000e3d3a00000) (1024K)]
  0x000002297a415930 JavaThread "Monitor Deflation Thread"   daemon [_thread_blocked, id=3388, stack(0x000000e3d3a00000,0x000000e3d3b00000) (1024K)]
  0x000002297a4166c0 JavaThread "C2 CompilerThread0"         daemon [_thread_blocked, id=17352, stack(0x000000e3d3b00000,0x000000e3d3c00000) (1024K)]
  0x000002297a41ebd0 JavaThread "C1 CompilerThread0"         daemon [_thread_blocked, id=11488, stack(0x000000e3d3d00000,0x000000e3d3e00000) (1024K)]
  0x000002297a529590 JavaThread "Notification Thread"        daemon [_thread_blocked, id=19140, stack(0x000000e3d3e00000,0x000000e3d3f00000) (1024K)]
  0x000002297a531bf0 JavaThread "Common-Cleaner"             daemon [_thread_blocked, id=11260, stack(0x000000e3d3f00000,0x000000e3d4000000) (1024K)]
Total: 11

Other Threads:
=>0x000002297a267f90 VMThread "VM Thread"                           [id=7308, stack(0x000000e3d3400000,0x000000e3d3500000) (1024K)]
  0x000002297a20a750 WatcherThread "VM Periodic Task Thread"        [id=18108, stack(0x000000e3d3300000,0x000000e3d3400000) (1024K)]
  0x00000229705b30c0 WorkerThread "GC Thread#0"                     [id=5640, stack(0x000000e3d2e00000,0x000000e3d2f00000) (1024K)]
  0x000002297f068fe0 WorkerThread "GC Thread#1"                     [id=14592, stack(0x000000e3d4000000,0x000000e3d4100000) (1024K)]
  0x000002297f069380 WorkerThread "GC Thread#2"                     [id=8496, stack(0x000000e3d4100000,0x000000e3d4200000) (1024K)]
  0x000002297f364f60 WorkerThread "GC Thread#3"                     [id=21704, stack(0x000000e3d4200000,0x000000e3d4300000) (1024K)]
  0x00000229705c3d20 ConcurrentGCThread "G1 Main Marker"            [id=14668, stack(0x000000e3d2f00000,0x000000e3d3000000) (1024K)]
  0x00000229705c5030 WorkerThread "G1 Conc#0"                       [id=16696, stack(0x000000e3d3000000,0x000000e3d3100000) (1024K)]
  0x000002297a0d20c0 ConcurrentGCThread "G1 Refine#0"               [id=7668, stack(0x000000e3d3100000,0x000000e3d3200000) (1024K)]
  0x000002297062af80 ConcurrentGCThread "G1 Service"                [id=252, stack(0x000000e3d3200000,0x000000e3d3300000) (1024K)]
Total: 10

Threads with active compile tasks:
C2 CompilerThread0     8855 5084       4       java.util.HashSet::contains (9 bytes)
C1 CompilerThread0     8855 5086       3       org.jetbrains.kotlin.types.TypeConstructorSubstitution$Companion::create (216 bytes)
Total: 2

VM state: at safepoint (normal execution)

VM Mutex/Monitor currently owned by a thread:  ([mutex/lock_event])
[0x00007ffef67b72f8] Threads_lock - owner thread: 0x000002297a267f90
[0x00007ffef67b73f8] Heap_lock - owner thread: 0x00000229705637f0

Heap address: 0x0000000081c00000, size: 2020 MB, Compressed Oops mode: 32-bit

CDS archive(s) not mapped
Compressed class space mapped at: 0x0000000100000000-0x0000000140000000, reserved size: 1073741824
Narrow klass base: 0x0000000000000000, Narrow klass shift: 3, Narrow klass range: 0x140000000

GC Precious Log:
 CardTable entry size: 512
 Card Set container configuration: InlinePtr #cards 5 size 8 Array Of Cards #cards 12 size 40 Howl #buckets 4 coarsen threshold 1843 Howl Bitmap #cards 512 size 80 coarsen threshold 460 Card regions per heap region 1 cards per card region 2048
 CPUs: 4 total, 4 available
 Memory: 8073M
 Large Page Support: Disabled
 NUMA Support: Disabled
 Compressed Oops: Enabled (32-bit)
 Heap Region Size: 1M
 Heap Min Capacity: 8M
 Heap Initial Capacity: 128M
 Heap Max Capacity: 2020M
 Pre-touch: Disabled
 Parallel Workers: 4
 Concurrent Workers: 1
 Concurrent Refinement Workers: 4
 Periodic GC: Disabled

Heap:
 garbage-first heap   total 64512K, used 38893K [0x0000000081c00000, 0x0000000100000000)
  region size 1024K, 3 young (3072K), 3 survivors (3072K)
 Metaspace       used 55000K, committed 55744K, reserved 1114112K
  class space    used 6495K, committed 6848K, reserved 1048576K

Heap Regions: E=young(eden), S=young(survivor), O=old, HS=humongous(starts), HC=humongous(continues), CS=collection set, F=free, TAMS=top-at-mark-start, PB=parsable bottom
|   0|0x0000000081c00000, 0x0000000081d00000, 0x0000000081d00000|100%|HS|  |TAMS 0x0000000081c00000| PB 0x0000000081c00000| Complete 
|   1|0x0000000081d00000, 0x0000000081e00000, 0x0000000081e00000|100%|HC|  |TAMS 0x0000000081d00000| PB 0x0000000081d00000| Complete 
|   2|0x0000000081e00000, 0x0000000081f00000, 0x0000000081f00000|100%|HC|  |TAMS 0x0000000081e00000| PB 0x0000000081e00000| Complete 
|   3|0x0000000081f00000, 0x0000000082000000, 0x0000000082000000|100%|HC|  |TAMS 0x0000000081f00000| PB 0x0000000081f00000| Complete 
|   4|0x0000000082000000, 0x0000000082100000, 0x0000000082100000|100%| O|  |TAMS 0x0000000082000000| PB 0x0000000082000000| Untracked 
|   5|0x0000000082100000, 0x0000000082200000, 0x0000000082200000|100%| O|  |TAMS 0x0000000082100000| PB 0x0000000082100000| Untracked 
|   6|0x0000000082200000, 0x0000000082300000, 0x0000000082300000|100%|HS|  |TAMS 0x0000000082200000| PB 0x0000000082200000| Complete 
|   7|0x0000000082300000, 0x0000000082400000, 0x0000000082400000|100%| O|  |TAMS 0x0000000082300000| PB 0x0000000082300000| Untracked 
|   8|0x0000000082400000, 0x0000000082500000, 0x0000000082500000|100%| O|  |TAMS 0x0000000082400000| PB 0x0000000082400000| Untracked 
|   9|0x0000000082500000, 0x0000000082600000, 0x0000000082600000|100%| O|  |TAMS 0x0000000082500000| PB 0x0000000082500000| Untracked 
|  10|0x0000000082600000, 0x0000000082700000, 0x0000000082700000|100%| O|  |TAMS 0x0000000082600000| PB 0x0000000082600000| Untracked 
|  11|0x0000000082700000, 0x0000000082800000, 0x0000000082800000|100%| O|  |TAMS 0x0000000082700000| PB 0x0000000082700000| Untracked 
|  12|0x0000000082800000, 0x0000000082900000, 0x0000000082900000|100%| O|  |TAMS 0x0000000082800000| PB 0x0000000082800000| Untracked 
|  13|0x0000000082900000, 0x0000000082a00000, 0x0000000082a00000|100%|HS|  |TAMS 0x0000000082900000| PB 0x0000000082900000| Complete 
|  14|0x0000000082a00000, 0x0000000082b00000, 0x0000000082b00000|100%|HC|  |TAMS 0x0000000082a00000| PB 0x0000000082a00000| Complete 
|  15|0x0000000082b00000, 0x0000000082c00000, 0x0000000082c00000|100%| O|  |TAMS 0x0000000082b00000| PB 0x0000000082b00000| Untracked 
|  16|0x0000000082c00000, 0x0000000082d00000, 0x0000000082d00000|100%| O|  |TAMS 0x0000000082c00000| PB 0x0000000082c00000| Untracked 
|  17|0x0000000082d00000, 0x0000000082e00000, 0x0000000082e00000|100%| O|  |TAMS 0x0000000082d00000| PB 0x0000000082d00000| Untracked 
|  18|0x0000000082e00000, 0x0000000082f00000, 0x0000000082f00000|100%| O|  |TAMS 0x0000000082e00000| PB 0x0000000082e00000| Untracked 
|  19|0x0000000082f00000, 0x0000000083000000, 0x0000000083000000|100%| O|  |TAMS 0x0000000082f00000| PB 0x0000000082f00000| Untracked 
|  20|0x0000000083000000, 0x0000000083100000, 0x0000000083100000|100%| O|  |TAMS 0x0000000083000000| PB 0x0000000083000000| Untracked 
|  21|0x0000000083100000, 0x0000000083200000, 0x0000000083200000|100%| O|  |TAMS 0x0000000083100000| PB 0x0000000083100000| Untracked 
|  22|0x0000000083200000, 0x0000000083300000, 0x0000000083300000|100%| O|  |TAMS 0x0000000083200000| PB 0x0000000083200000| Untracked 
|  23|0x0000000083300000, 0x0000000083300000, 0x0000000083400000|  0%| F|  |TAMS 0x0000000083300000| PB 0x0000000083300000| Untracked 
|  24|0x0000000083400000, 0x00000000834fb520, 0x0000000083500000| 98%| O|  |TAMS 0x0000000083400000| PB 0x0000000083400000| Untracked 
|  25|0x0000000083500000, 0x0000000083600000, 0x0000000083600000|100%| O|  |TAMS 0x0000000083500000| PB 0x0000000083500000| Untracked 
|  26|0x0000000083600000, 0x0000000083700000, 0x0000000083700000|100%| O|  |TAMS 0x0000000083600000| PB 0x0000000083600000| Untracked 
|  27|0x0000000083700000, 0x0000000083800000, 0x0000000083800000|100%| O|  |TAMS 0x0000000083700000| PB 0x0000000083700000| Untracked 
|  28|0x0000000083800000, 0x0000000083900000, 0x0000000083900000|100%| O|  |TAMS 0x0000000083800000| PB 0x0000000083800000| Untracked 
|  29|0x0000000083900000, 0x0000000083a00000, 0x0000000083a00000|100%| O|  |TAMS 0x0000000083900000| PB 0x0000000083900000| Untracked 
|  30|0x0000000083a00000, 0x0000000083b00000, 0x0000000083b00000|100%| O|  |TAMS 0x0000000083a00000| PB 0x0000000083a00000| Untracked 
|  31|0x0000000083b00000, 0x0000000083c00000, 0x0000000083c00000|100%| O|  |TAMS 0x0000000083b00000| PB 0x0000000083b00000| Untracked 
|  32|0x0000000083c00000, 0x0000000083d00000, 0x0000000083d00000|100%| O|  |TAMS 0x0000000083c00000| PB 0x0000000083c00000| Untracked 
|  33|0x0000000083d00000, 0x0000000083e00000, 0x0000000083e00000|100%| O|  |TAMS 0x0000000083d00000| PB 0x0000000083d00000| Untracked 
|  34|0x0000000083e00000, 0x0000000083e00000, 0x0000000083f00000|  0%| F|  |TAMS 0x0000000083e00000| PB 0x0000000083e00000| Untracked 
|  35|0x0000000083f00000, 0x0000000083f00000, 0x0000000084000000|  0%| F|  |TAMS 0x0000000083f00000| PB 0x0000000083f00000| Untracked 
|  36|0x0000000084000000, 0x0000000084000000, 0x0000000084100000|  0%| F|  |TAMS 0x0000000084000000| PB 0x0000000084000000| Untracked 
|  37|0x0000000084100000, 0x0000000084100000, 0x0000000084200000|  0%| F|  |TAMS 0x0000000084100000| PB 0x0000000084100000| Untracked 
|  38|0x0000000084200000, 0x0000000084200000, 0x0000000084300000|  0%| F|  |TAMS 0x0000000084200000| PB 0x0000000084200000| Untracked 
|  39|0x0000000084300000, 0x0000000084300000, 0x0000000084400000|  0%| F|  |TAMS 0x0000000084300000| PB 0x0000000084300000| Untracked 
|  40|0x0000000084400000, 0x0000000084500000, 0x0000000084500000|100%| S|CS|TAMS 0x0000000084400000| PB 0x0000000084400000| Complete 
|  41|0x0000000084500000, 0x0000000084600000, 0x0000000084600000|100%| S|CS|TAMS 0x0000000084500000| PB 0x0000000084500000| Complete 
|  42|0x0000000084600000, 0x0000000084700000, 0x0000000084700000|100%| S|CS|TAMS 0x0000000084600000| PB 0x0000000084600000| Complete 
|  43|0x0000000084700000, 0x0000000084700000, 0x0000000084800000|  0%| F|  |TAMS 0x0000000084700000| PB 0x0000000084700000| Untracked 
|  44|0x0000000084800000, 0x0000000084800000, 0x0000000084900000|  0%| F|  |TAMS 0x0000000084800000| PB 0x0000000084800000| Untracked 
|  45|0x0000000084900000, 0x0000000084900000, 0x0000000084a00000|  0%| F|  |TAMS 0x0000000084900000| PB 0x0000000084900000| Untracked 
|  46|0x0000000084a00000, 0x0000000084a00000, 0x0000000084b00000|  0%| F|  |TAMS 0x0000000084a00000| PB 0x0000000084a00000| Untracked 
|  47|0x0000000084b00000, 0x0000000084b00000, 0x0000000084c00000|  0%| F|  |TAMS 0x0000000084b00000| PB 0x0000000084b00000| Untracked 
|  48|0x0000000084c00000, 0x0000000084c00000, 0x0000000084d00000|  0%| F|  |TAMS 0x0000000084c00000| PB 0x0000000084c00000| Untracked 
|  49|0x0000000084d00000, 0x0000000084d00000, 0x0000000084e00000|  0%| F|  |TAMS 0x0000000084d00000| PB 0x0000000084d00000| Untracked 
|  50|0x0000000084e00000, 0x0000000084e00000, 0x0000000084f00000|  0%| F|  |TAMS 0x0000000084e00000| PB 0x0000000084e00000| Untracked 
|  51|0x0000000084f00000, 0x0000000084f00000, 0x0000000085000000|  0%| F|  |TAMS 0x0000000084f00000| PB 0x0000000084f00000| Untracked 
|  52|0x0000000085000000, 0x0000000085000000, 0x0000000085100000|  0%| F|  |TAMS 0x0000000085000000| PB 0x0000000085000000| Untracked 
|  53|0x0000000085100000, 0x0000000085100000, 0x0000000085200000|  0%| F|  |TAMS 0x0000000085100000| PB 0x0000000085100000| Untracked 
|  54|0x0000000085200000, 0x0000000085200000, 0x0000000085300000|  0%| F|  |TAMS 0x0000000085200000| PB 0x0000000085200000| Untracked 
|  55|0x0000000085300000, 0x0000000085300000, 0x0000000085400000|  0%| F|  |TAMS 0x0000000085300000| PB 0x0000000085300000| Untracked 
|  56|0x0000000085400000, 0x0000000085400000, 0x0000000085500000|  0%| F|  |TAMS 0x0000000085400000| PB 0x0000000085400000| Untracked 
| 110|0x0000000088a00000, 0x0000000088a00000, 0x0000000088b00000|  0%| F|  |TAMS 0x0000000088a00000| PB 0x0000000088a00000| Untracked 
| 111|0x0000000088b00000, 0x0000000088b00000, 0x0000000088c00000|  0%| F|  |TAMS 0x0000000088b00000| PB 0x0000000088b00000| Untracked 
| 112|0x0000000088c00000, 0x0000000088c00000, 0x0000000088d00000|  0%| F|  |TAMS 0x0000000088c00000| PB 0x0000000088c00000| Untracked 
| 127|0x0000000089b00000, 0x0000000089b00000, 0x0000000089c00000|  0%| F|  |TAMS 0x0000000089b00000| PB 0x0000000089b00000| Untracked 
|2018|0x00000000ffe00000, 0x00000000fff00000, 0x00000000fff00000|100%| O|  |TAMS 0x00000000ffe00000| PB 0x00000000ffe00000| Untracked 
|2019|0x00000000fff00000, 0x0000000100000000, 0x0000000100000000|100%| O|  |TAMS 0x00000000fff00000| PB 0x00000000fff00000| Untracked 

Card table byte_map: [0x0000022975890000,0x0000022975c90000] _byte_map_base: 0x0000022975482000

Marking Bits: (CMBitMap*) 0x00000229705b37c0
 Bits: [0x0000022975c90000, 0x0000022977c20000)

Polling page: 0x0000022970410000

Metaspace:

Usage:
  Non-class:     47.37 MB used.
      Class:      6.34 MB used.
       Both:     53.71 MB used.

Virtual space:
  Non-class space:       64.00 MB reserved,      47.75 MB ( 75%) committed,  1 nodes.
      Class space:        1.00 GB reserved,       6.69 MB ( <1%) committed,  1 nodes.
             Both:        1.06 GB reserved,      54.44 MB (  5%) committed. 

Chunk freelists:
   Non-Class:  160.00 KB
       Class:  9.34 MB
        Both:  9.50 MB

MaxMetaspaceSize: unlimited
CompressedClassSpaceSize: 1.00 GB
Initial GC threshold: 21.00 MB
Current GC threshold: 90.31 MB
CDS: off
 - commit_granule_bytes: 65536.
 - commit_granule_words: 8192.
 - virtual_space_node_default_size: 8388608.
 - enlarge_chunks_in_place: 1.
 - use_allocation_guard: 0.


Internal statistics:

num_allocs_failed_limit: 6.
num_arena_births: 1224.
num_arena_deaths: 0.
num_vsnodes_births: 2.
num_vsnodes_deaths: 0.
num_space_committed: 869.
num_space_uncommitted: 0.
num_chunks_returned_to_freelist: 6.
num_chunks_taken_from_freelist: 3088.
num_chunk_merges: 6.
num_chunk_splits: 2282.
num_chunks_enlarged: 1693.
num_inconsistent_stats: 0.

CodeHeap 'non-profiled nmethods': size=120000Kb used=1881Kb max_used=1881Kb free=118118Kb
 bounds [0x0000022907ad0000, 0x0000022907d40000, 0x000002290f000000]
CodeHeap 'profiled nmethods': size=120000Kb used=10854Kb max_used=10854Kb free=109145Kb
 bounds [0x0000022900000000, 0x0000022900aa0000, 0x0000022907530000]
CodeHeap 'non-nmethods': size=5760Kb used=1555Kb max_used=1618Kb free=4204Kb
 bounds [0x0000022907530000, 0x00000229077a0000, 0x0000022907ad0000]
 total_blobs=5425 nmethods=4803 adapters=525
 compilation: enabled
              stopped_count=0, restarted_count=0
 full_count=0

Compilation events (20 events):
Event: 8.809 Thread 0x000002297a41ebd0 nmethod 5075 0x0000022907ca4c10 code [0x0000022907ca4da0, 0x0000022907ca4e68]
Event: 8.809 Thread 0x000002297a4166c0 nmethod 4976 0x0000022907ca4f10 code [0x0000022907ca50e0, 0x0000022907ca5698]
Event: 8.809 Thread 0x000002297a4166c0 5066       4       java.util.WeakHashMap::remove (131 bytes)
Event: 8.810 Thread 0x000002297a41ebd0 5076       3       org.jetbrains.kotlin.types.checker.ClassicTypeSystemContext$DefaultImpls::getType (96 bytes)
Event: 8.811 Thread 0x000002297a41ebd0 nmethod 5076 0x0000022900a91310 code [0x0000022900a916c0, 0x0000022900a92be0]
Event: 8.811 Thread 0x000002297a41ebd0 5078       3       org.jetbrains.kotlin.types.ClassifierBasedTypeConstructor::hashCode (61 bytes)
Event: 8.812 Thread 0x000002297a41ebd0 nmethod 5078 0x0000022900a93390 code [0x0000022900a93600, 0x0000022900a93f60]
Event: 8.812 Thread 0x000002297a41ebd0 5077       3       kotlin.collections.ArraysKt___ArraysKt::zip (92 bytes)
Event: 8.813 Thread 0x000002297a41ebd0 nmethod 5077 0x0000022900a94210 code [0x0000022900a94540, 0x0000022900a95788]
Event: 8.813 Thread 0x000002297a41ebd0 5082       3       org.jetbrains.kotlin.resolve.OverridingUtilTypeSystemContext::areEqualTypeConstructors (86 bytes)
Event: 8.815 Thread 0x000002297a41ebd0 nmethod 5082 0x0000022900a96010 code [0x0000022900a96320, 0x0000022900a974e0]
Event: 8.815 Thread 0x000002297a41ebd0 5081       3       org.jetbrains.kotlin.serialization.deserialization.descriptors.DeserializedClassDescriptor::getUnsubstitutedMemberScope (16 bytes)
Event: 8.815 Thread 0x000002297a41ebd0 nmethod 5081 0x0000022900a97a10 code [0x0000022900a97c40, 0x0000022900a98228]
Event: 8.815 Thread 0x000002297a41ebd0 5079       3       kotlin.text.StringsKt__StringsKt::contains (69 bytes)
Event: 8.816 Thread 0x000002297a41ebd0 nmethod 5079 0x0000022900a98490 code [0x0000022900a98780, 0x0000022900a99610]
Event: 8.816 Thread 0x000002297a41ebd0 5083       1       org.jetbrains.kotlin.config.LanguageVersionSettingsImpl::getLanguageVersion (5 bytes)
Event: 8.816 Thread 0x000002297a4166c0 nmethod 5066 0x0000022907ca5b10 code [0x0000022907ca5cc0, 0x0000022907ca60c0]
Event: 8.816 Thread 0x000002297a4166c0 5084       4       java.util.HashSet::contains (9 bytes)
Event: 8.816 Thread 0x000002297a41ebd0 nmethod 5083 0x0000022907ca6410 code [0x0000022907ca65a0, 0x0000022907ca6668]
Event: 8.816 Thread 0x000002297a41ebd0 5086       3       org.jetbrains.kotlin.types.TypeConstructorSubstitution$Companion::create (216 bytes)

GC Heap History (20 events):
Event: 4.007 GC heap after
{Heap after GC invocations=3 (full 0):
 garbage-first heap   total 131072K, used 9708K [0x0000000081c00000, 0x0000000100000000)
  region size 1024K, 3 young (3072K), 3 survivors (3072K)
 Metaspace       used 21315K, committed 21504K, reserved 1114112K
  class space    used 2240K, committed 2304K, reserved 1048576K
}
Event: 4.839 GC heap before
{Heap before GC invocations=4 (full 0):
 garbage-first heap   total 37888K, used 36332K [0x0000000081c00000, 0x0000000100000000)
  region size 1024K, 29 young (29696K), 3 survivors (3072K)
 Metaspace       used 28560K, committed 28864K, reserved 1114112K
  class space    used 3410K, committed 3584K, reserved 1048576K
}
Event: 4.848 GC heap after
{Heap after GC invocations=5 (full 0):
 garbage-first heap   total 43008K, used 12244K [0x0000000081c00000, 0x0000000100000000)
  region size 1024K, 5 young (5120K), 5 survivors (5120K)
 Metaspace       used 28560K, committed 28864K, reserved 1114112K
  class space    used 3410K, committed 3584K, reserved 1048576K
}
Event: 5.154 GC heap before
{Heap before GC invocations=5 (full 0):
 garbage-first heap   total 43008K, used 34772K [0x0000000081c00000, 0x0000000100000000)
  region size 1024K, 25 young (25600K), 5 survivors (5120K)
 Metaspace       used 30983K, committed 31296K, reserved 1114112K
  class space    used 3890K, committed 4032K, reserved 1048576K
}
Event: 5.168 GC heap after
{Heap after GC invocations=6 (full 0):
 garbage-first heap   total 45056K, used 18215K [0x0000000081c00000, 0x0000000100000000)
  region size 1024K, 4 young (4096K), 4 survivors (4096K)
 Metaspace       used 30983K, committed 31296K, reserved 1114112K
  class space    used 3890K, committed 4032K, reserved 1048576K
}
Event: 5.645 GC heap before
{Heap before GC invocations=6 (full 0):
 garbage-first heap   total 45056K, used 34599K [0x0000000081c00000, 0x0000000100000000)
  region size 1024K, 21 young (21504K), 4 survivors (4096K)
 Metaspace       used 35077K, committed 35264K, reserved 1114112K
  class space    used 4317K, committed 4416K, reserved 1048576K
}
Event: 5.655 GC heap after
{Heap after GC invocations=7 (full 0):
 garbage-first heap   total 45056K, used 18668K [0x0000000081c00000, 0x0000000100000000)
  region size 1024K, 3 young (3072K), 3 survivors (3072K)
 Metaspace       used 35077K, committed 35264K, reserved 1114112K
  class space    used 4317K, committed 4416K, reserved 1048576K
}
Event: 5.732 GC heap before
{Heap before GC invocations=7 (full 0):
 garbage-first heap   total 45056K, used 21740K [0x0000000081c00000, 0x0000000100000000)
  region size 1024K, 7 young (7168K), 3 survivors (3072K)
 Metaspace       used 35763K, committed 35968K, reserved 1114112K
  class space    used 4393K, committed 4480K, reserved 1048576K
}
Event: 5.736 GC heap after
{Heap after GC invocations=8 (full 0):
 garbage-first heap   total 64512K, used 19191K [0x0000000081c00000, 0x0000000100000000)
  region size 1024K, 1 young (1024K), 1 survivors (1024K)
 Metaspace       used 35763K, committed 35968K, reserved 1114112K
  class space    used 4393K, committed 4480K, reserved 1048576K
}
Event: 6.397 GC heap before
{Heap before GC invocations=9 (full 0):
 garbage-first heap   total 64512K, used 54007K [0x0000000081c00000, 0x0000000100000000)
  region size 1024K, 36 young (36864K), 1 survivors (1024K)
 Metaspace       used 42211K, committed 42816K, reserved 1114112K
  class space    used 5071K, committed 5376K, reserved 1048576K
}
Event: 6.406 GC heap after
{Heap after GC invocations=10 (full 0):
 garbage-first heap   total 64512K, used 22044K [0x0000000081c00000, 0x0000000100000000)
  region size 1024K, 4 young (4096K), 4 survivors (4096K)
 Metaspace       used 42211K, committed 42816K, reserved 1114112K
  class space    used 5071K, committed 5376K, reserved 1048576K
}
Event: 7.166 GC heap before
{Heap before GC invocations=10 (full 0):
 garbage-first heap   total 64512K, used 54812K [0x0000000081c00000, 0x0000000100000000)
  region size 1024K, 34 young (34816K), 4 survivors (4096K)
 Metaspace       used 50120K, committed 50816K, reserved 1114112K
  class space    used 6034K, committed 6400K, reserved 1048576K
}
Event: 7.181 GC heap after
{Heap after GC invocations=11 (full 0):
 garbage-first heap   total 64512K, used 27381K [0x0000000081c00000, 0x0000000100000000)
  region size 1024K, 4 young (4096K), 4 survivors (4096K)
 Metaspace       used 50120K, committed 50816K, reserved 1114112K
  class space    used 6034K, committed 6400K, reserved 1048576K
}
Event: 7.713 GC heap before
{Heap before GC invocations=11 (full 0):
 garbage-first heap   total 64512K, used 55029K [0x0000000081c00000, 0x0000000100000000)
  region size 1024K, 31 young (31744K), 4 survivors (4096K)
 Metaspace       used 53590K, committed 54336K, reserved 1114112K
  class space    used 6454K, committed 6784K, reserved 1048576K
}
Event: 7.730 GC heap after
{Heap after GC invocations=12 (full 0):
 garbage-first heap   total 64512K, used 32063K [0x0000000081c00000, 0x0000000100000000)
  region size 1024K, 4 young (4096K), 4 survivors (4096K)
 Metaspace       used 53590K, committed 54336K, reserved 1114112K
  class space    used 6454K, committed 6784K, reserved 1048576K
}
Event: 8.253 GC heap before
{Heap before GC invocations=12 (full 0):
 garbage-first heap   total 64512K, used 43327K [0x0000000081c00000, 0x0000000100000000)
  region size 1024K, 16 young (16384K), 4 survivors (4096K)
 Metaspace       used 54624K, committed 55360K, reserved 1114112K
  class space    used 6492K, committed 6848K, reserved 1048576K
}
Event: 8.264 GC heap after
{Heap after GC invocations=13 (full 0):
 garbage-first heap   total 64512K, used 35070K [0x0000000081c00000, 0x0000000100000000)
  region size 1024K, 3 young (3072K), 3 survivors (3072K)
 Metaspace       used 54624K, committed 55360K, reserved 1114112K
  class space    used 6492K, committed 6848K, reserved 1048576K
}
Event: 8.386 GC heap before
{Heap before GC invocations=14 (full 0):
 garbage-first heap   total 64512K, used 55550K [0x0000000081c00000, 0x0000000100000000)
  region size 1024K, 22 young (22528K), 3 survivors (3072K)
 Metaspace       used 54750K, committed 55488K, reserved 1114112K
  class space    used 6492K, committed 6848K, reserved 1048576K
}
Event: 8.391 GC heap after
{Heap after GC invocations=15 (full 0):
 garbage-first heap   total 64512K, used 36775K [0x0000000081c00000, 0x0000000100000000)
  region size 1024K, 2 young (2048K), 2 survivors (2048K)
 Metaspace       used 54750K, committed 55488K, reserved 1114112K
  class space    used 6492K, committed 6848K, reserved 1048576K
}
Event: 8.819 GC heap before
{Heap before GC invocations=15 (full 0):
 garbage-first heap   total 64512K, used 55207K [0x0000000081c00000, 0x0000000100000000)
  region size 1024K, 20 young (20480K), 2 survivors (2048K)
 Metaspace       used 55000K, committed 55744K, reserved 1114112K
  class space    used 6495K, committed 6848K, reserved 1048576K
}

Dll operation events (3 events):
Event: 0.049 Loaded shared library C:\Program Files\Android\Android Studio\jbr\bin\java.dll
Event: 0.082 Loaded shared library C:\Program Files\Android\Android Studio\jbr\bin\zip.dll
Event: 4.639 Loaded shared library C:\Program Files\Android\Android Studio\jbr\bin\verify.dll

Deoptimization events (20 events):
Event: 8.666 Thread 0x00000229705637f0 Uncommon trap: trap_request=0xffffffc6 fr.pc=0x0000022907c81af8 relative=0x0000000000000e58
Event: 8.666 Thread 0x00000229705637f0 Uncommon trap: reason=bimorphic_or_optimized_type_check action=maybe_recompile pc=0x0000022907c81af8 method=kotlin.collections.CollectionsKt___CollectionsKt.toList(Ljava/lang/Iterable;)Ljava/util/List; @ 74 c2
Event: 8.666 Thread 0x00000229705637f0 DEOPT PACKING pc=0x0000022907c81af8 sp=0x000000e3d2cfb2e0
Event: 8.666 Thread 0x00000229705637f0 DEOPT UNPACKING pc=0x00000229075846a2 sp=0x000000e3d2cfb2b0 mode 2
Event: 8.666 Thread 0x00000229705637f0 Uncommon trap: trap_request=0xffffffc6 fr.pc=0x0000022907b5d6c0 relative=0x0000000000000260
Event: 8.666 Thread 0x00000229705637f0 Uncommon trap: reason=bimorphic_or_optimized_type_check action=maybe_recompile pc=0x0000022907b5d6c0 method=java.util.Collections$UnmodifiableCollection$1.next()Ljava/lang/Object; @ 4 c2
Event: 8.666 Thread 0x00000229705637f0 DEOPT PACKING pc=0x0000022907b5d6c0 sp=0x000000e3d2cfb2a0
Event: 8.666 Thread 0x00000229705637f0 DEOPT UNPACKING pc=0x00000229075846a2 sp=0x000000e3d2cfb250 mode 2
Event: 8.666 Thread 0x00000229705637f0 Uncommon trap: trap_request=0xffffffde fr.pc=0x0000022907bc2194 relative=0x0000000000000074
Event: 8.666 Thread 0x00000229705637f0 Uncommon trap: reason=class_check action=maybe_recompile pc=0x0000022907bc2194 method=java.util.Collections$UnmodifiableCollection.size()I @ 4 c2
Event: 8.666 Thread 0x00000229705637f0 DEOPT PACKING pc=0x0000022907bc2194 sp=0x000000e3d2cfb560
Event: 8.666 Thread 0x00000229705637f0 DEOPT UNPACKING pc=0x00000229075846a2 sp=0x000000e3d2cfb4f0 mode 2
Event: 8.667 Thread 0x00000229705637f0 Uncommon trap: trap_request=0xffffff45 fr.pc=0x0000022907c4dc7c relative=0x00000000000002bc
Event: 8.667 Thread 0x00000229705637f0 Uncommon trap: reason=unstable_if action=reinterpret pc=0x0000022907c4dc7c method=java.util.HashMap.getNode(Ljava/lang/Object;)Ljava/util/HashMap$Node; @ 66 c2
Event: 8.667 Thread 0x00000229705637f0 DEOPT PACKING pc=0x0000022907c4dc7c sp=0x000000e3d2cfc0d0
Event: 8.667 Thread 0x00000229705637f0 DEOPT UNPACKING pc=0x00000229075846a2 sp=0x000000e3d2cfbfd8 mode 2
Event: 8.795 Thread 0x00000229705637f0 Uncommon trap: trap_request=0xffffff45 fr.pc=0x0000022907b1eb34 relative=0x0000000000000814
Event: 8.795 Thread 0x00000229705637f0 Uncommon trap: reason=unstable_if action=reinterpret pc=0x0000022907b1eb34 method=org.jetbrains.kotlin.metadata.ProtoBuf$Type.getSerializedSize()I @ 176 c2
Event: 8.795 Thread 0x00000229705637f0 DEOPT PACKING pc=0x0000022907b1eb34 sp=0x000000e3d2cfb960
Event: 8.795 Thread 0x00000229705637f0 DEOPT UNPACKING pc=0x00000229075846a2 sp=0x000000e3d2cfb900 mode 2

Classes loaded (20 events):
Event: 7.484 Loading class java/util/stream/ReduceOps$3ReducingSink
Event: 7.484 Loading class java/util/stream/ReduceOps$AccumulatingSink
Event: 7.484 Loading class java/util/stream/TerminalSink
Event: 7.484 Loading class java/util/stream/TerminalSink done
Event: 7.484 Loading class java/util/stream/ReduceOps$AccumulatingSink done
Event: 7.484 Loading class java/util/stream/ReduceOps$Box
Event: 7.484 Loading class java/util/stream/ReduceOps$Box done
Event: 7.484 Loading class java/util/stream/ReduceOps$3ReducingSink done
Event: 7.484 Loading class java/util/stream/ReferencePipeline$2$1
Event: 7.484 Loading class java/util/stream/ReferencePipeline$2$1 done
Event: 7.484 Loading class java/util/stream/IntPipeline$1$1
Event: 7.484 Loading class java/util/stream/Sink$ChainedInt
Event: 7.484 Loading class java/util/stream/Sink$OfInt
Event: 7.484 Loading class java/util/stream/Sink$OfInt done
Event: 7.484 Loading class java/util/stream/Sink$ChainedInt done
Event: 7.484 Loading class java/util/stream/IntPipeline$1$1 done
Event: 7.788 Loading class java/util/RegularEnumSet$EnumSetIterator
Event: 7.788 Loading class java/util/RegularEnumSet$EnumSetIterator done
Event: 7.788 Loading class java/util/AbstractMap$SimpleImmutableEntry
Event: 7.788 Loading class java/util/AbstractMap$SimpleImmutableEntry done

Classes unloaded (0 events):
No events

Classes redefined (0 events):
No events

Internal exceptions (20 events):
Event: 6.420 Thread 0x00000229705637f0 Exception <a 'java/lang/NoSuchMethodError'{0x0000000088c51e50}: 'java.lang.Object java.lang.invoke.DirectMethodHandle$Holder.invokeSpecial(java.lang.Object, java.lang.Object, java.lang.Object, java.lang.Object, java.lang.Object, java.lang.Object, java.lang.Object, java.lang.Object, java.lang.Object, java.lang.Object, java.lang.Object, java.lang.Object, java.lang.Object, java.lang.Object, java.lang.Object, java.lang.Object, java.lang.Object, java.lang.Object, java.lang.Object)'> (0x0000000088c51e50) 
thrown
Event: 6.421 Thread 0x00000229705637f0 Exception <a 'java/lang/NoSuchMethodError'{0x0000000088c56ac8}: 'java.lang.Object java.lang.invoke.DelegatingMethodHandle$Holder.reinvoke_L(java.lang.Object, java.lang.Object, java.lang.Object, java.lang.Object, java.lang.Object, java.lang.Object, java.lang.Object, java.lang.Object, java.lang.Object, java.lang.Object, java.lang.Object, java.lang.Object, java.lang.Object, java.lang.Object, java.lang.Object, java.lang.Object, java.lang.Object, java.lang.Object)'> (0x0000000088c56ac8) 
thrown [s\src\hotspot\s
Event: 6.426 Thread 0x00000229705637f0 Exception <a 'java/lang/NoSuchMethodError'{0x0000000088cdf5c0}: 'java.lang.Object java.lang.invoke.DirectMethodHandle$Holder.newInvokeSpecial(java.lang.Object, java.lang.Object, java.lang.Object, java.lang.Object, java.lang.Object, java.lang.Object, java.lang.Object, java.lang.Object, java.lang.Object, java.lang.Object, java.lang.Object, java.lang.Object, java.lang.Object, java.lang.Object, java.lang.Object, java.lang.Object, java.lang.Object, java.lang.Object, java.lang.Object, java.lang.Object, java.lang
Event: 6.427 Thread 0x00000229705637f0 Exception <a 'java/lang/NoSuchMethodError'{0x0000000088ce6350}: 'java.lang.Object java.lang.invoke.DirectMethodHandle$Holder.invokeSpecial(java.lang.Object, java.lang.Object, java.lang.Object, java.lang.Object, java.lang.Object, java.lang.Object, java.lang.Object, java.lang.Object, java.lang.Object, java.lang.Object, java.lang.Object, java.lang.Object, java.lang.Object, java.lang.Object, java.lang.Object, java.lang.Object, java.lang.Object, java.lang.Object, java.lang.Object, java.lang.Object, java.lang.Ob
Event: 6.427 Thread 0x00000229705637f0 Exception <a 'java/lang/NoSuchMethodError'{0x0000000088cebac8}: 'java.lang.Object java.lang.invoke.DelegatingMethodHandle$Holder.reinvoke_L(java.lang.Object, java.lang.Object, java.lang.Object, java.lang.Object, java.lang.Object, java.lang.Object, java.lang.Object, java.lang.Object, java.lang.Object, java.lang.Object, java.lang.Object, java.lang.Object, java.lang.Object, java.lang.Object, java.lang.Object, java.lang.Object, java.lang.Object, java.lang.Object, java.lang.Object, java.lang.Object, java.lang.O
Event: 6.434 Thread 0x00000229705637f0 Exception <a 'java/lang/NoSuchMethodError'{0x0000000088bba3d8}: 'java.lang.Object java.lang.invoke.DirectMethodHandle$Holder.invokeStatic(java.lang.Object, java.lang.Object, java.lang.Object, java.lang.Object, java.lang.Object, java.lang.Object, java.lang.Object, java.lang.Object, java.lang.Object, java.lang.Object, java.lang.Object, java.lang.Object, java.lang.Object, java.lang.Object, java.lang.Object, java.lang.Object, java.lang.Object, java.lang.Object, java.lang.Object, java.lang.Object, java.lang.Obj
Event: 6.436 Thread 0x00000229705637f0 Exception <a 'java/lang/NoSuchMethodError'{0x0000000088bec9e8}: 'java.lang.Object java.lang.invoke.DirectMethodHandle$Holder.invokeStatic(java.lang.Object, java.lang.Object, java.lang.Object, java.lang.Object, java.lang.Object, java.lang.Object, java.lang.Object, java.lang.Object, java.lang.Object, java.lang.Object, java.lang.Object, java.lang.Object, java.lang.Object, java.lang.Object, java.lang.Object, java.lang.Object, java.lang.Object, java.lang.Object, java.lang.Object, java.lang.Object, java.lang.Obj
Event: 6.445 Thread 0x00000229705637f0 Exception <a 'java/lang/NoSuchMethodError'{0x0000000088a61a28}: 'java.lang.Object java.lang.invoke.DirectMethodHandle$Holder.newInvokeSpecial(java.lang.Object, java.lang.Object, java.lang.Object, java.lang.Object, java.lang.Object, java.lang.Object, java.lang.Object, java.lang.Object, java.lang.Object, java.lang.Object, java.lang.Object, java.lang.Object, java.lang.Object)'> (0x0000000088a61a28) 
thrown [s\src\hotspot\share\interpreter\linkResolver.cpp, line 784]
Event: 6.446 Thread 0x00000229705637f0 Exception <a 'java/lang/NoSuchMethodError'{0x0000000088a66a38}: 'java.lang.Object java.lang.invoke.DirectMethodHandle$Holder.invokeSpecial(java.lang.Object, java.lang.Object, java.lang.Object, java.lang.Object, java.lang.Object, java.lang.Object, java.lang.Object, java.lang.Object, java.lang.Object, java.lang.Object, java.lang.Object, java.lang.Object, java.lang.Object, java.lang.Object)'> (0x0000000088a66a38) 
thrown [s\src\hotspot\share\interpreter\linkResolver.cpp, line 784]
Event: 6.446 Thread 0x00000229705637f0 Exception <a 'java/lang/NoSuchMethodError'{0x0000000088a6af88}: 'java.lang.Object java.lang.invoke.DelegatingMethodHandle$Holder.reinvoke_L(java.lang.Object, java.lang.Object, java.lang.Object, java.lang.Object, java.lang.Object, java.lang.Object, java.lang.Object, java.lang.Object, java.lang.Object, java.lang.Object, java.lang.Object, java.lang.Object, java.lang.Object)'> (0x0000000088a6af88) 
thrown [s\src\hotspot\share\interpreter\linkResolver.cpp, line 784]
Event: 6.715 Thread 0x00000229705637f0 Exception <a 'java/lang/NoSuchMethodError'{0x0000000084b25fd0}: 'int java.lang.invoke.DirectMethodHandle$Holder.invokeVirtual(java.lang.Object, java.lang.Object)'> (0x0000000084b25fd0) 
thrown [s\src\hotspot\share\interpreter\linkResolver.cpp, line 784]
Event: 6.974 Thread 0x00000229705637f0 Exception <a 'java/lang/NoSuchMethodError'{0x0000000084108ef0}: 'java.lang.Object java.lang.invoke.DirectMethodHandle$Holder.newInvokeSpecial(java.lang.Object, java.lang.Object, java.lang.Object, int)'> (0x0000000084108ef0) 
thrown [s\src\hotspot\share\interpreter\linkResolver.cpp, line 784]
Event: 6.975 Thread 0x00000229705637f0 Exception <a 'java/lang/NoSuchMethodError'{0x000000008410d070}: 'java.lang.Object java.lang.invoke.DirectMethodHandle$Holder.invokeSpecial(java.lang.Object, java.lang.Object, java.lang.Object, java.lang.Object, int)'> (0x000000008410d070) 
thrown [s\src\hotspot\share\interpreter\linkResolver.cpp, line 784]
Event: 6.975 Thread 0x00000229705637f0 Exception <a 'java/lang/NoSuchMethodError'{0x0000000084110508}: 'java.lang.Object java.lang.invoke.Invokers$Holder.linkToTargetMethod(java.lang.Object, java.lang.Object, int, java.lang.Object)'> (0x0000000084110508) 
thrown [s\src\hotspot\share\interpreter\linkResolver.cpp, line 784]
Event: 7.471 Thread 0x00000229705637f0 Exception <a 'java/lang/NoSuchMethodError'{0x000000008481ced8}: 'java.lang.Object java.lang.invoke.DirectMethodHandle$Holder.newInvokeSpecial(java.lang.Object, java.lang.Object, java.lang.Object, java.lang.Object, int)'> (0x000000008481ced8) 
thrown [s\src\hotspot\share\interpreter\linkResolver.cpp, line 784]
Event: 7.472 Thread 0x00000229705637f0 Exception <a 'java/lang/NoSuchMethodError'{0x00000000848217f0}: 'java.lang.Object java.lang.invoke.DirectMethodHandle$Holder.invokeSpecial(java.lang.Object, java.lang.Object, java.lang.Object, java.lang.Object, java.lang.Object, int)'> (0x00000000848217f0) 
thrown [s\src\hotspot\share\interpreter\linkResolver.cpp, line 784]
Event: 7.472 Thread 0x00000229705637f0 Exception <a 'java/lang/NoSuchMethodError'{0x0000000084825a80}: 'java.lang.Object java.lang.invoke.Invokers$Holder.linkToTargetMethod(java.lang.Object, java.lang.Object, java.lang.Object, int, java.lang.Object)'> (0x0000000084825a80) 
thrown [s\src\hotspot\share\interpreter\linkResolver.cpp, line 784]
Event: 7.615 Thread 0x00000229705637f0 Exception <a 'java/lang/NoSuchMethodError'{0x000000008410d7e0}: 'java.lang.Object java.lang.invoke.DirectMethodHandle$Holder.newInvokeSpecial(java.lang.Object, int, java.lang.Object)'> (0x000000008410d7e0) 
thrown [s\src\hotspot\share\interpreter\linkResolver.cpp, line 784]
Event: 7.616 Thread 0x00000229705637f0 Exception <a 'java/lang/NoSuchMethodError'{0x0000000084113500}: 'int java.lang.invoke.DirectMethodHandle$Holder.invokeInterface(java.lang.Object, java.lang.Object)'> (0x0000000084113500) 
thrown [s\src\hotspot\share\interpreter\linkResolver.cpp, line 784]
Event: 7.640 Thread 0x00000229705637f0 Exception <a 'java/lang/NoSuchMethodError'{0x00000000841f92d8}: 'java.lang.Object java.lang.invoke.DirectMethodHandle$Holder.newInvokeSpecial(java.lang.Object, java.lang.Object, java.lang.Object, java.lang.Object, int, java.lang.Object)'> (0x00000000841f92d8) 
thrown [s\src\hotspot\share\interpreter\linkResolver.cpp, line 784]

ZGC Phase Switch (0 events):
No events

VM Operations (20 events):
Event: 7.865 Executing VM operation: ICBufferFull done
Event: 7.999 Executing VM operation: ICBufferFull
Event: 7.999 Executing VM operation: ICBufferFull done
Event: 8.096 Executing VM operation: HandshakeAllThreads (Deoptimize)
Event: 8.096 Executing VM operation: HandshakeAllThreads (Deoptimize) done
Event: 8.193 Executing VM operation: ICBufferFull
Event: 8.193 Executing VM operation: ICBufferFull done
Event: 8.253 Executing VM operation: G1TryInitiateConcMark (G1 Humongous Allocation)
Event: 8.264 Executing VM operation: G1TryInitiateConcMark (G1 Humongous Allocation) done
Event: 8.328 Executing VM operation: G1PauseRemark
Event: 8.334 Executing VM operation: G1PauseRemark done
Event: 8.360 Executing VM operation: G1PauseCleanup
Event: 8.360 Executing VM operation: G1PauseCleanup done
Event: 8.386 Executing VM operation: G1CollectForAllocation (G1 Evacuation Pause)
Event: 8.391 Executing VM operation: G1CollectForAllocation (G1 Evacuation Pause) done
Event: 8.630 Executing VM operation: ICBufferFull
Event: 8.630 Executing VM operation: ICBufferFull done
Event: 8.754 Executing VM operation: ICBufferFull
Event: 8.755 Executing VM operation: ICBufferFull done
Event: 8.818 Executing VM operation: G1CollectForAllocation (G1 Evacuation Pause)

Memory protections (0 events):
No events

Nmethod flushes (20 events):
Event: 8.333 Thread 0x000002297a267f90 flushing  nmethod 0x0000022900219810
Event: 8.333 Thread 0x000002297a267f90 flushing  nmethod 0x0000022900219b90
Event: 8.333 Thread 0x000002297a267f90 flushing  nmethod 0x000002290021ab10
Event: 8.333 Thread 0x000002297a267f90 flushing  nmethod 0x000002290022dd90
Event: 8.333 Thread 0x000002297a267f90 flushing  nmethod 0x000002290022e510
Event: 8.333 Thread 0x000002297a267f90 flushing  nmethod 0x000002290022f810
Event: 8.333 Thread 0x000002297a267f90 flushing  nmethod 0x0000022900230090
Event: 8.333 Thread 0x000002297a267f90 flushing  nmethod 0x0000022900230790
Event: 8.333 Thread 0x000002297a267f90 flushing  nmethod 0x0000022900230c10
Event: 8.333 Thread 0x000002297a267f90 flushing  nmethod 0x0000022900232510
Event: 8.333 Thread 0x000002297a267f90 flushing  nmethod 0x0000022900232910
Event: 8.333 Thread 0x000002297a267f90 flushing  nmethod 0x0000022900235a90
Event: 8.333 Thread 0x000002297a267f90 flushing  nmethod 0x0000022900237190
Event: 8.333 Thread 0x000002297a267f90 flushing  nmethod 0x0000022900272490
Event: 8.333 Thread 0x000002297a267f90 flushing  nmethod 0x000002290029d290
Event: 8.333 Thread 0x000002297a267f90 flushing  nmethod 0x000002290029dd10
Event: 8.333 Thread 0x000002297a267f90 flushing  nmethod 0x000002290029e890
Event: 8.333 Thread 0x000002297a267f90 flushing  nmethod 0x000002290029eb90
Event: 8.333 Thread 0x000002297a267f90 flushing  nmethod 0x00000229002ac590
Event: 8.333 Thread 0x000002297a267f90 flushing  nmethod 0x00000229002f8e90

Events (15 events):
Event: 0.055 Thread 0x00000229705637f0 Thread added: 0x00000229705637f0
Event: 0.221 Thread 0x00000229705637f0 Thread added: 0x000002297a434a80
Event: 0.221 Thread 0x00000229705637f0 Thread added: 0x000002297a435ca0
Event: 0.223 Thread 0x00000229705637f0 Thread added: 0x000002297a436860
Event: 0.223 Thread 0x00000229705637f0 Thread added: 0x000002297a414470
Event: 0.223 Thread 0x00000229705637f0 Thread added: 0x000002297a414ed0
Event: 0.223 Thread 0x00000229705637f0 Thread added: 0x000002297a415930
Event: 0.223 Thread 0x00000229705637f0 Thread added: 0x000002297a4166c0
Event: 0.258 Thread 0x00000229705637f0 Thread added: 0x000002297a41ebd0
Event: 0.360 Thread 0x00000229705637f0 Thread added: 0x000002297a529590
Event: 0.369 Thread 0x00000229705637f0 Thread added: 0x000002297a531bf0
Event: 0.429 Loaded shared library C:\Program Files\Android\Android Studio\jbr\bin\net.dll
Event: 0.432 Loaded shared library C:\Program Files\Android\Android Studio\jbr\bin\nio.dll
Event: 0.543 Loaded shared library C:\Program Files\Android\Android Studio\jbr\bin\zip.dll
Event: 0.657 Loaded shared library C:\Program Files\Android\Android Studio\jbr\bin\jimage.dll


Dynamic libraries:
0x00007ff72d660000 - 0x00007ff72d66a000 	C:\Program Files\Android\Android Studio\jbr\bin\java.exe
0x00007fff3b3d0000 - 0x00007fff3b5c8000 	C:\Windows\SYSTEM32\ntdll.dll
0x00007fff3ab60000 - 0x00007fff3ac22000 	C:\Windows\System32\KERNEL32.DLL
0x00007fff38cd0000 - 0x00007fff38fc7000 	C:\Windows\System32\KERNELBASE.dll
0x00007fff38bd0000 - 0x00007fff38cd0000 	C:\Windows\System32\ucrtbase.dll
0x00007fff2d620000 - 0x00007fff2d638000 	C:\Program Files\Android\Android Studio\jbr\bin\jli.dll
0x00007fff394f0000 - 0x00007fff3968d000 	C:\Windows\System32\USER32.dll
0x00007fff38fd0000 - 0x00007fff38ff2000 	C:\Windows\System32\win32u.dll
0x00007fff394c0000 - 0x00007fff394eb000 	C:\Windows\System32\GDI32.dll
0x00007fff39080000 - 0x00007fff39199000 	C:\Windows\System32\gdi32full.dll
0x00007fff39300000 - 0x00007fff3939d000 	C:\Windows\System32\msvcp_win.dll
0x00007fff34e60000 - 0x00007fff34e7b000 	C:\Program Files\Android\Android Studio\jbr\bin\VCRUNTIME140.dll
0x00007fff22570000 - 0x00007fff2280a000 	C:\Windows\WinSxS\amd64_microsoft.windows.common-controls_6595b64144ccf1df_6.0.19041.5915_none_60b4b9d171f9c7c7\COMCTL32.dll
0x00007fff3ad70000 - 0x00007fff3ae0e000 	C:\Windows\System32\msvcrt.dll
0x00007fff39720000 - 0x00007fff3974f000 	C:\Windows\System32\IMM32.DLL
0x00007fff332b0000 - 0x00007fff332bc000 	C:\Program Files\Android\Android Studio\jbr\bin\vcruntime140_1.dll
0x00007fff00d80000 - 0x00007fff00e0d000 	C:\Program Files\Android\Android Studio\jbr\bin\msvcp140.dll
0x00007ffef5c10000 - 0x00007ffef6893000 	C:\Program Files\Android\Android Studio\jbr\bin\server\jvm.dll
0x00007fff3ae10000 - 0x00007fff3aec1000 	C:\Windows\System32\ADVAPI32.dll
0x00007fff3a600000 - 0x00007fff3a69f000 	C:\Windows\System32\sechost.dll
0x00007fff3a780000 - 0x00007fff3a8a6000 	C:\Windows\System32\RPCRT4.dll
0x00007fff38a60000 - 0x00007fff38a87000 	C:\Windows\System32\bcrypt.dll
0x00007fff3a930000 - 0x00007fff3a99b000 	C:\Windows\System32\WS2_32.dll
0x00007fff388c0000 - 0x00007fff3890b000 	C:\Windows\SYSTEM32\POWRPROF.dll
0x00007fff21c30000 - 0x00007fff21c57000 	C:\Windows\SYSTEM32\WINMM.dll
0x00007fff368e0000 - 0x00007fff368ea000 	C:\Windows\SYSTEM32\VERSION.dll
0x00007fff388a0000 - 0x00007fff388b2000 	C:\Windows\SYSTEM32\UMPDC.dll
0x00007fff37280000 - 0x00007fff37292000 	C:\Windows\SYSTEM32\kernel.appcore.dll
0x00007fff332a0000 - 0x00007fff332aa000 	C:\Program Files\Android\Android Studio\jbr\bin\jimage.dll
0x00007fff30400000 - 0x00007fff30601000 	C:\Windows\SYSTEM32\DBGHELP.DLL
0x00007fff2fd20000 - 0x00007fff2fd54000 	C:\Windows\SYSTEM32\dbgcore.DLL
0x00007fff38b40000 - 0x00007fff38bc2000 	C:\Windows\System32\bcryptPrimitives.dll
0x00007fff331a0000 - 0x00007fff331c0000 	C:\Program Files\Android\Android Studio\jbr\bin\java.dll
0x00007fff32f10000 - 0x00007fff32f28000 	C:\Program Files\Android\Android Studio\jbr\bin\zip.dll
0x00007fff39c20000 - 0x00007fff3a38e000 	C:\Windows\System32\SHELL32.dll
0x00007fff36ac0000 - 0x00007fff37264000 	C:\Windows\SYSTEM32\windows.storage.dll
0x00007fff3aed0000 - 0x00007fff3b223000 	C:\Windows\System32\combase.dll
0x00007fff383c0000 - 0x00007fff383eb000 	C:\Windows\SYSTEM32\Wldp.dll
0x00007fff393f0000 - 0x00007fff394bd000 	C:\Windows\System32\OLEAUT32.dll
0x00007fff3b230000 - 0x00007fff3b2dd000 	C:\Windows\System32\SHCORE.dll
0x00007fff3a5a0000 - 0x00007fff3a5fb000 	C:\Windows\System32\shlwapi.dll
0x00007fff38990000 - 0x00007fff389b4000 	C:\Windows\SYSTEM32\profapi.dll
0x00007fff33190000 - 0x00007fff331a0000 	C:\Program Files\Android\Android Studio\jbr\bin\net.dll
0x00007fff368f0000 - 0x00007fff369fa000 	C:\Windows\SYSTEM32\WINHTTP.dll
0x00007fff38120000 - 0x00007fff3818a000 	C:\Windows\system32\mswsock.dll
0x00007fff31f90000 - 0x00007fff31fa6000 	C:\Program Files\Android\Android Studio\jbr\bin\nio.dll
0x00007fff31f10000 - 0x00007fff31f20000 	C:\Program Files\Android\Android Studio\jbr\bin\verify.dll

dbghelp: loaded successfully - version: 4.0.5 - missing functions: none
symbol engine: initialized successfully - sym options: 0x614 - pdb path: .;C:\Program Files\Android\Android Studio\jbr\bin;C:\Windows\SYSTEM32;C:\Windows\WinSxS\amd64_microsoft.windows.common-controls_6595b64144ccf1df_6.0.19041.5915_none_60b4b9d171f9c7c7;C:\Program Files\Android\Android Studio\jbr\bin\server

VM Arguments:
java_command: org.jetbrains.kotlin.cli.jvm.K2JVMCompiler @C:\Users\Administrator\AndroidStudioProjects\DopamineMenu\app\build\20250813_2066291911971038599.compiler.options
java_class_path (initial): C:\Users\Administrator\.gradle\caches\modules-2\files-2.1\org.jetbrains.kotlin\kotlin-compiler-embeddable\2.1.10\ee3e5c806617c52ce167bdf96933efef9593853e\kotlin-compiler-embeddable-2.1.10.jar;C:\Users\Administrator\.gradle\caches\modules-2\files-2.1\org.jetbrains.kotlin\kotlin-stdlib\2.1.10\d3028429e7151d7a7c1a0d63a4f60eac86a87b91\kotlin-stdlib-2.1.10.jar;C:\Users\Administrator\.gradle\caches\modules-2\files-2.1\org.jetbrains.kotlin\kotlin-script-runtime\2.1.10\70000e6ef453308e55d42ea4ace5b8c32325ce75\kotlin-script-runtime-2.1.10.jar;C:\Users\Administrator\.gradle\caches\modules-2\files-2.1\org.jetbrains.kotlin\kotlin-reflect\1.6.10\1cbe9c92c12a94eea200d23c2bbaedaf3daf5132\kotlin-reflect-1.6.10.jar;C:\Users\Administrator\.gradle\caches\modules-2\files-2.1\org.jetbrains.kotlin\kotlin-daemon-embeddable\2.1.10\58b88d47cdc057f09a8ea603ece5fd1993c7cb64\kotlin-daemon-embeddable-2.1.10.jar;C:\Users\Administrator\.gradle\caches\modules-2\files-2.1\org.jetbrains.intellij.deps\trove4j\1.0.20200330\3afb14d5f9ceb459d724e907a21145e8ff394f02\trove4j-1.0.20200330.jar;C:\Users\Administrator\.gradle\caches\modules-2\files-2.1\org.jetbrains.kotlinx\kotlinx-coroutines-core-jvm\1.6.4\2c997cd1c0ef33f3e751d3831929aeff1390cb30\kotlinx-coroutines-core-jvm-1.6.4.jar;C:\Users\Administrator\.gradle\caches\modules-2\files-2.1\org.jetbrains\annotations\13.0\919f0dfe192fb4e063e7dacadee7f8bb9a2672a9\annotations-13.0.jar
Launcher Type: SUN_STANDARD

[Global flags]
     intx CICompilerCount                          = 3                                         {product} {ergonomic}
     uint ConcGCThreads                            = 1                                         {product} {ergonomic}
     uint G1ConcRefinementThreads                  = 4                                         {product} {ergonomic}
   size_t G1HeapRegionSize                         = 1048576                                   {product} {ergonomic}
    uintx GCDrainStackTargetSize                   = 64                                        {product} {ergonomic}
   size_t InitialHeapSize                          = 134217728                                 {product} {ergonomic}
   size_t MarkStackSize                            = 4194304                                   {product} {ergonomic}
   size_t MaxHeapSize                              = 2118123520                                {product} {ergonomic}
   size_t MaxNewSize                               = 1270874112                                {product} {ergonomic}
   size_t MinHeapDeltaBytes                        = 1048576                                   {product} {ergonomic}
   size_t MinHeapSize                              = 8388608                                   {product} {ergonomic}
    uintx NonNMethodCodeHeapSize                   = 5832780                                {pd product} {ergonomic}
    uintx NonProfiledCodeHeapSize                  = 122912730                              {pd product} {ergonomic}
    uintx ProfiledCodeHeapSize                     = 122912730                              {pd product} {ergonomic}
    uintx ReservedCodeCacheSize                    = 251658240                              {pd product} {ergonomic}
     bool SegmentedCodeCache                       = true                                      {product} {ergonomic}
   size_t SoftMaxHeapSize                          = 2118123520                             {manageable} {ergonomic}
     bool UseCompressedOops                        = true                           {product lp64_product} {ergonomic}
     bool UseG1GC                                  = true                                      {product} {ergonomic}
     bool UseLargePagesIndividualAllocation        = false                                  {pd product} {ergonomic}

Logging:
Log output configuration:
 #0: stdout all=warning uptime,level,tags foldmultilines=false
 #1: stderr all=off uptime,level,tags foldmultilines=false

Environment Variables:
PATH=C:\Program Files\Python311\Scripts\;C:\Program Files\Python311\;C:\oraclexe\app\oracle\product\11.2.0\server\bin;C:\oracle\WINDOWS.X64_213000_db_home\bin;C:\Program Files\Python312\Scripts\;C:\Program Files\Python312\;C:\Windows\system32;C:\Windows;C:\Windows\System32\Wbem;C:\Windows\System32\WindowsPowerShell\v1.0\;C:\Windows\System32\OpenSSH\;C:\Users\Administrator\Downloads\Programs\bin;C:\xampp\php;C:\mongodb-database-tools-windows-x86_64-100.10.0\mongodb-database-tools-windows-x86_64-100.10.0\bin;C:\Users\Administrator\AppData\Roaming\Microsoft\Windows\Start Menu\Programs\Python 3.11;D:\08_Files\cmd;C:\ProgramData\Microsoft\Windows\Start Menu\Programs\Python 3.11.9;C:\MinGW\bin;C:\mingw-w64-v11.0.0\mingw-w64-v11.0.0;C:\Users\Administrator\AppData\Local\Programs\Python\Launcher\;C:\Users\Administrator\AppData\Local\Microsoft\WindowsApps;C:\Users\Administrator\Downloads\Programs;C:\Users\Administrator\AppData\Local\Programs\Microsoft VS Code\bin;C:\Users\Administrator\AppData\Roaming\Composer\vendor\bin;C:\Users\Administrator\AppData\Local\Programs\Tesseract-OCR;C:\Users\Administrator\AppData\Roaming\Microsoft\Windows\Start Menu\Programs\Python 3.11;C:\ProgramData\Microsoft\Windows\Start Menu\Programs\Python 3.11;C:\MinGW\bin;C:\mingw-w64-v11.0.0\mingw-w64-v11.0.0;
USERNAME=Administrator
OS=Windows_NT
PROCESSOR_IDENTIFIER=Intel64 Family 6 Model 78 Stepping 3, GenuineIntel
TMP=C:\Users\ADMINI~1\AppData\Local\Temp
TEMP=C:\Users\ADMINI~1\AppData\Local\Temp




Periodic native trim disabled

JNI global refs:
JNI global refs: 8, weak refs: 8

JNI global refs memory usage: 835, weak refs: 833

Process memory usage:
Resident Set Size: 221360K (2% of 8266784K total physical memory with 299732K free physical memory)

OOME stack traces (most recent first):
Classloader memory used:
Loader jdk.internal.loader.ClassLoaders$AppClassLoader                                 : 42272K
Loader bootstrap                                                                       : 12525K
Loader java.net.URLClassLoader                                                         : 183K
Loader jdk.internal.loader.ClassLoaders$PlatformClassLoader                            : 19376B

---------------  S Y S T E M  ---------------

OS:
 Windows 10 , 64 bit Build 19041 (10.0.19041.5915)
OS uptime: 12 days 23:01 hours

CPU: total 4 (initial active 4) (2 cores per cpu, 2 threads per core) family 6 model 78 stepping 3 microcode 0xf0, cx8, cmov, fxsr, ht, mmx, 3dnowpref, sse, sse2, sse3, ssse3, sse4.1, sse4.2, popcnt, lzcnt, tsc, tscinvbit, avx, avx2, aes, erms, clmul, bmi1, bmi2, rtm, adx, fma, vzeroupper, clflush, clflushopt, rdtscp, f16c
Processor Information for all 4 processors :
  Max Mhz: 2501, Current Mhz: 2501, Mhz Limit: 2501

Memory: 4k page, system-wide physical 8073M (292M free)
TotalPageFile size 25697M (AvailPageFile size 30M)
current process WorkingSet (physical memory assigned to process): 216M, peak: 216M
current process commit charge ("private bytes"): 244M, peak: 284M

vm_info: OpenJDK 64-Bit Server VM (21.0.4+-12508038-b607.1) for windows-amd64 JRE (21.0.4+-12508038-b607.1), built on 2024-10-16T17:23:34Z by "builder" with MS VC++ 16.10 / 16.11 (VS2019)

END.
